#
# There is insufficient memory for the Java Runtime Environment to continue.
# Native memory allocation (malloc) failed to allocate 1048576 bytes for AllocateHeap
# Possible reasons:
#   The system is out of physical RAM or swap space
#   In 32 bit mode, the process size limit was hit
# Possible solutions:
#   Reduce memory load on the system
#   Increase physical memory or swap space
#   Check if swap backing store is full
#   Use 64 bit Java on a 64 bit OS
#   Decrease Java heap size (-Xmx/-Xms)
#   Decrease number of Java threads
#   Decrease Java thread stack sizes (-Xss)
#   Set larger code cache with -XX:ReservedCodeCacheSize=
# This output file may be truncated or incomplete.
#
#  Out of Memory Error (memory/allocation.inline.hpp:61), pid=20272, tid=19848
#
# JRE version:  (8.0_65-b17) (build )
# Java VM: Java HotSpot(TM) 64-Bit Server VM (25.65-b01 mixed mode windows-amd64 compressed oops)
# Failed to write core dump. Minidumps are not enabled by default on client versions of Windows
#

---------------  T H R E A D  ---------------

Current thread (0x0000000002240800):  JavaThread "Unknown thread" [_thread_in_vm, id=19848, stack(0x0000000001d80000,0x0000000001e80000)]

Stack: [0x0000000001d80000,0x0000000001e80000]
[error occurred during error reporting (printing stack bounds), id 0xc0000005]

Native frames: (J=compiled Java code, j=interpreted, Vv=VM code, C=native code)


---------------  P R O C E S S  ---------------

Java Threads: ( => current thread )

Other Threads:

=>0x0000000002240800 (exited) JavaThread "Unknown thread" [_thread_in_vm, id=19848, stack(0x0000000001d80000,0x0000000001e80000)]

VM state:not at safepoint (normal execution)

VM Mutex/Monitor currently owned by a thread: None

Heap:
 PSYoungGen      total 38400K, used 665K [0x00000000d5f00000, 0x00000000d8980000, 0x0000000100000000)
  eden space 33280K, 2% used [0x00000000d5f00000,0x00000000d5fa6670,0x00000000d7f80000)
  from space 5120K, 0% used [0x00000000d8480000,0x00000000d8480000,0x00000000d8980000)
  to   space 5120K, 0% used [0x00000000d7f80000,0x00000000d7f80000,0x00000000d8480000)
 ParOldGen       total 87552K, used 0K [0x0000000081c00000, 0x0000000087180000, 0x00000000d5f00000)
  object space 87552K, 0% used [0x0000000081c00000,0x0000000081c00000,0x0000000087180000)
 Metaspace       used 743K, capacity 4480K, committed 4480K, reserved 1056768K
  class space    used 75K, capacity 384K, committed 384K, reserved 1048576K

Card table byte_map: [0x0000000011700000,0x0000000011b00000] byte_map_base: 0x00000000112f2000

Marking Bits: (ParMarkBitMap*) 0x000000006736a5b0
 Begin Bits: [0x00000000121b0000, 0x0000000014140000)
 End Bits:   [0x0000000014140000, 0x00000000160d0000)

Polling page: 0x00000000004e0000

CodeCache: size=245760Kb used=328Kb max_used=328Kb free=245431Kb
 bounds [0x0000000002340000, 0x00000000025b0000, 0x0000000011340000]
 total_blobs=57 nmethods=0 adapters=37
 compilation: enabled

Compilation events (0 events):
No events

GC Heap History (0 events):
No events

Deoptimization events (0 events):
No events

Internal exceptions (0 events):
No events

Events (10 events):
Event: 0.042 loading class java/lang/Short
Event: 0.042 loading class java/lang/Short done
Event: 0.042 loading class java/lang/Integer
Event: 0.043 loading class java/lang/Integer done
Event: 0.043 loading class java/lang/Long
Event: 0.043 loading class java/lang/Long done
Event: 0.043 loading class java/lang/NullPointerException
Event: 0.043 loading class java/lang/NullPointerException done
Event: 0.043 loading class java/lang/ArithmeticException
Event: 0.043 loading class java/lang/ArithmeticException done


Dynamic libraries:
0x000007f771430000 - 0x000007f771467000 	C:\Program Files\Java\jre1.8.0_65\bin\javaw.exe
0x000007f98b290000 - 0x000007f98b44d000 	C:\WINDOWS\SYSTEM32\ntdll.dll
0x000007f988660000 - 0x000007f988797000 	C:\WINDOWS\system32\KERNEL32.DLL
0x000007f988560000 - 0x000007f988654000 	C:\WINDOWS\system32\KERNELBASE.dll
0x000007f98a480000 - 0x000007f98a55e000 	C:\WINDOWS\system32\ADVAPI32.dll
0x000007f98b140000 - 0x000007f98b28c000 	C:\WINDOWS\system32\USER32.dll
0x000007f985c60000 - 0x000007f985eca000 	C:\WINDOWS\WinSxS\amd64_microsoft.windows.common-controls_6595b64144ccf1df_6.0.9200.17359_none_4188b989718cf1c6\COMCTL32.dll
0x000007f9887a0000 - 0x000007f988845000 	C:\WINDOWS\system32\msvcrt.dll
0x000007f989c90000 - 0x000007f989cd8000 	C:\WINDOWS\SYSTEM32\sechost.dll
0x000007f98ad20000 - 0x000007f98ae65000 	C:\WINDOWS\system32\RPCRT4.dll
0x000007f98aff0000 - 0x000007f98b131000 	C:\WINDOWS\system32\GDI32.dll
0x000007f98a970000 - 0x000007f98a9a9000 	C:\WINDOWS\system32\IMM32.DLL
0x000007f989ce0000 - 0x000007f989df5000 	C:\WINDOWS\system32\MSCTF.dll
0x00000000669d0000 - 0x0000000066aa2000 	C:\Program Files\Java\jre1.8.0_65\bin\msvcr100.dll
0x0000000066b60000 - 0x00000000673e9000 	C:\Program Files\Java\jre1.8.0_65\bin\server\jvm.dll
0x000007f973ca0000 - 0x000007f973ca9000 	C:\WINDOWS\SYSTEM32\WSOCK32.dll
0x000007f97f8b0000 - 0x000007f97f8d0000 	C:\WINDOWS\SYSTEM32\WINMM.dll
0x000007f980f40000 - 0x000007f980f49000 	C:\WINDOWS\SYSTEM32\VERSION.dll
0x000007f989e00000 - 0x000007f989e07000 	C:\WINDOWS\system32\PSAPI.DLL
0x000007f98ab50000 - 0x000007f98aba8000 	C:\WINDOWS\system32\WS2_32.dll
0x000007f97f870000 - 0x000007f97f8a3000 	C:\WINDOWS\SYSTEM32\WINMMBASE.dll
0x000007f98a7a0000 - 0x000007f98a7a9000 	C:\WINDOWS\system32\NSI.dll
0x000007f988510000 - 0x000007f98855f000 	C:\WINDOWS\SYSTEM32\cfgmgr32.dll
0x000007f9881d0000 - 0x000007f9881f2000 	C:\WINDOWS\system32\DEVOBJ.dll
0x0000000067c00000 - 0x0000000067c0f000 	C:\Program Files\Java\jre1.8.0_65\bin\verify.dll
0x0000000067bd0000 - 0x0000000067bf9000 	C:\Program Files\Java\jre1.8.0_65\bin\java.dll
0x0000000066b40000 - 0x0000000066b56000 	C:\Program Files\Java\jre1.8.0_65\bin\zip.dll

VM Arguments:
jvm_args: -Dfile.encoding=Cp1250 
java_command: application.TabbedPane
java_class_path (initial): C:\Users\Pablo\git\LoginForm\bin;C:\Users\Pablo\.p2\pool\plugins\org.eclipse.fx.ide.css.jfx8_2.1.0.201508240705.jar;C:\Users\Pablo\Downloads\mysql-connector-java-5.1.38\mysql-connector-java-5.1.38-bin.jar
Launcher Type: SUN_STANDARD

Environment Variables:
PATH=C:/Program Files/Java/jre1.8.0_65/bin/server;C:/Program Files/Java/jre1.8.0_65/bin;C:/Program Files/Java/jre1.8.0_65/lib/amd64;C:\Program Files (x86)\PHP\v5.5;C:\ProgramData\Oracle\Java\javapath;C:\Program Files (x86)\Intel\iCLS Client\;C:\Program Files\Intel\iCLS Client\;C:\WINDOWS\system32;C:\WINDOWS;C:\WINDOWS\System32\Wbem;C:\WINDOWS\System32\WindowsPowerShell\v1.0\;C:\Program Files (x86)\Windows Live\Shared;C:\Program Files\Intel\Intel(R) Management Engine Components\DAL;C:\Program Files\Intel\Intel(R) Management Engine Components\IPT;C:\Program Files (x86)\Intel\Intel(R) Management Engine Components\DAL;C:\Program Files (x86)\Intel\Intel(R) Management Engine Components\IPT;C:\Program Files (x86)\Intel\OpenCL SDK\2.0\bin\x86;C:\Program Files (x86)\Intel\OpenCL SDK\2.0\bin\x64;C:\Program Files (x86)\Skype\Phone\;C:\Users\Pablo\.dnx\bin;C:\Program Files\Microsoft DNX\Dnvm\;C:\Program Files\Microsoft SQL Server\120\Tools\Binn\;C:\Program Files (x86)\Windows Kits\10\Windows Performance Toolkit\;C:\Program Files (x86)\nodejs\;C:\Users\Pablo\AppData\Roaming\npm;C:\Program Files\MATLAB\MATLAB Production Server\R2015a\runtime\win64;C:\Program Files\MATLAB\MATLAB Production Server\R2015a\bin;C:\Program Files\MATLAB\MATLAB Production Server\R2015a\polyspace\bin;C:\Users\Pablo\AppData\Roaming\npm;C:\WINDOWS\system32;
USERNAME=Pablo
OS=Windows_NT
PROCESSOR_IDENTIFIER=Intel64 Family 6 Model 58 Stepping 9, GenuineIntel



---------------  S Y S T E M  ---------------

OS: Windows 8 , 64 bit Build 9200 (6.2.9200.16859)

CPU:total 4 (2 cores per cpu, 2 threads per core) family 6 model 58 stepping 9, cmov, cx8, fxsr, mmx, sse, sse2, sse3, ssse3, sse4.1, sse4.2, popcnt, avx, clmul, erms, ht, tsc, tscinvbit, tscinv

Memory: 4k page, physical 8269020k(1753536k free), swap 33434844k(4828k free)

vm_info: Java HotSpot(TM) 64-Bit Server VM (25.65-b01) for windows-amd64 JRE (1.8.0_65-b17), built on Oct  6 2015 16:39:20 by "java_re" with MS VC++ 10.0 (VS2010)

time: Fri Jan 29 01:05:56 2016
elapsed time: 0 seconds (0d 0h 0m 0s)

